{"numTotalTestSuites":2,"numPassedTestSuites":0,"numFailedTestSuites":2,"numPendingTestSuites":0,"numTotalTests":5,"numPassedTests":4,"numFailedTests":1,"numPendingTests":0,"numTodoTests":0,"snapshot":{"added":0,"failure":false,"filesAdded":0,"filesRemoved":0,"filesRemovedList":[],"filesUnmatched":0,"filesUpdated":0,"matched":0,"total":0,"unchecked":0,"uncheckedKeysByFile":[],"unmatched":0,"updated":0,"didUpdate":false},"startTime":1766860094363,"success":false,"testResults":[{"assertionResults":[{"ancestorTitles":["Progression Logic"],"fullName":"Progression Logic calculates stats correctly based on level","status":"passed","title":"calculates stats correctly based on level","duration":1.1855999999999653,"failureMessages":[],"meta":{}},{"ancestorTitles":["Progression Logic"],"fullName":"Progression Logic levels up monster and resets HP","status":"passed","title":"levels up monster and resets HP","duration":0.35419999999999163,"failureMessages":[],"meta":{}},{"ancestorTitles":["Progression Logic"],"fullName":"Progression Logic unlocks party slots based on tamer level","status":"passed","title":"unlocks party slots based on tamer level","duration":0.29300000000000637,"failureMessages":[],"meta":{}},{"ancestorTitles":["Progression Logic"],"fullName":"Progression Logic processes tamer experience and level up","status":"passed","title":"processes tamer experience and level up","duration":0.3158000000000243,"failureMessages":[],"meta":{}},{"ancestorTitles":["Progression Logic"],"fullName":"Progression Logic validates monster spawn conditions","status":"failed","title":"validates monster spawn conditions","duration":2.445699999999988,"failureMessages":["ReferenceError: validateSpawn is not defined\n    at C:/wildMonster/domain/__tests__/progression.test.ts:99:5\n    at file:///C:/wildMonster/node_modules/@vitest/runner/dist/index.js:145:11\n    at file:///C:/wildMonster/node_modules/@vitest/runner/dist/index.js:915:26\n    at file:///C:/wildMonster/node_modules/@vitest/runner/dist/index.js:1243:20\n    at new Promise (<anonymous>)\n    at runWithTimeout (file:///C:/wildMonster/node_modules/@vitest/runner/dist/index.js:1209:10)\n    at file:///C:/wildMonster/node_modules/@vitest/runner/dist/index.js:1653:37\n    at Traces.$ (file:///C:/wildMonster/node_modules/vitest/dist/chunks/traces.U4xDYhzZ.js:115:27)\n    at trace (file:///C:/wildMonster/node_modules/vitest/dist/chunks/test.B8ej_ZHS.js:239:21)\n    at runTest (file:///C:/wildMonster/node_modules/@vitest/runner/dist/index.js:1653:12)"],"meta":{}}],"startTime":1766860094829,"endTime":1766860094833.4458,"status":"failed","message":"","name":"C:/wildMonster/domain/__tests__/progression.test.ts"}]}